<?xml version="1.0" encoding="UTF-8" ?>
<testsuite tests="4" failures="0" name="com.basic.postWithDataTableSD.RunMyPostWithDataTableTest" time="0.016" errors="2" skipped="2">
  <properties>
    <property name="java.runtime.name" value="Java(TM) SE Runtime Environment"/>
    <property name="sun.boot.library.path" value="C:\Program Files\Java\jre1.8.0_241\bin"/>
    <property name="java.vm.version" value="25.241-b07"/>
    <property name="java.vm.vendor" value="Oracle Corporation"/>
    <property name="maven.multiModuleProjectDirectory" value="C:\Users\DELL\workspace\B22FinalRestAssuredCucumberProject"/>
    <property name="java.vendor.url" value="http://java.oracle.com/"/>
    <property name="path.separator" value=";"/>
    <property name="guice.disable.misplaced.annotation.check" value="true"/>
    <property name="java.vm.name" value="Java HotSpot(TM) 64-Bit Server VM"/>
    <property name="file.encoding.pkg" value="sun.io"/>
    <property name="user.script" value=""/>
    <property name="user.country" value="IN"/>
    <property name="sun.java.launcher" value="SUN_STANDARD"/>
    <property name="sun.os.patch.level" value=""/>
    <property name="java.vm.specification.name" value="Java Virtual Machine Specification"/>
    <property name="user.dir" value="C:\Users\DELL\workspace\B22FinalRestAssuredCucumberProject"/>
    <property name="java.runtime.version" value="1.8.0_241-b07"/>
    <property name="java.awt.graphicsenv" value="sun.awt.Win32GraphicsEnvironment"/>
    <property name="java.endorsed.dirs" value="C:\Program Files\Java\jre1.8.0_241\lib\endorsed"/>
    <property name="os.arch" value="amd64"/>
    <property name="java.io.tmpdir" value="C:\Users\DELL\AppData\Local\Temp\"/>
    <property name="line.separator" value="
"/>
    <property name="java.vm.specification.vendor" value="Oracle Corporation"/>
    <property name="user.variant" value=""/>
    <property name="os.name" value="Windows 10"/>
    <property name="classworlds.conf" value="C:\Users\DELL\workspace\.metadata\.plugins\org.eclipse.m2e.launching\launches\m2conf8102956525198874997.tmp"/>
    <property name="sun.jnu.encoding" value="Cp1252"/>
    <property name="java.library.path" value="C:\Program Files\Java\jre1.8.0_241\bin;C:\WINDOWS\Sun\Java\bin;C:\WINDOWS\system32;C:\WINDOWS;C:/Program Files/Java/jre1.8.0_241/bin/server;C:/Program Files/Java/jre1.8.0_241/bin;C:/Program Files/Java/jre1.8.0_241/lib/amd64;C:\Program Files (x86)\Common Files\Oracle\Java\javapath;C:\WINDOWS\system32;C:\WINDOWS;C:\WINDOWS\System32\Wbem;C:\WINDOWS\System32\WindowsPowerShell\v1.0\;C:\WINDOWS\System32\OpenSSH\;C:\Program Files (x86)\Intel\Intel(R) Management Engine Components\DAL;C:\Program Files\Intel\Intel(R) Management Engine Components\DAL;C:\Users\DELL\AppData\Local\Microsoft\WindowsApps;;E:\Madhura\RadicalSelinumTraining\5Apr2020\Eclipse_Java_Setups\eclipse;;."/>
    <property name="java.specification.name" value="Java Platform API Specification"/>
    <property name="java.class.version" value="52.0"/>
    <property name="sun.management.compiler" value="HotSpot 64-Bit Tiered Compilers"/>
    <property name="os.version" value="10.0"/>
    <property name="user.home" value="C:\Users\DELL"/>
    <property name="user.timezone" value="Asia/Calcutta"/>
    <property name="java.awt.printerjob" value="sun.awt.windows.WPrinterJob"/>
    <property name="java.specification.version" value="1.8"/>
    <property name="file.encoding" value="Cp1252"/>
    <property name="user.name" value="DELL"/>
    <property name="java.class.path" value="/E:/Madhura/RadicalSelinumTraining/5Apr2020/Eclipse_Java_Setups/eclipse/plugins/org.eclipse.m2e.maven.runtime_1.7.0.20160603-1931/jars/plexus-classworlds-2.5.2.jar"/>
    <property name="java.vm.specification.version" value="1.8"/>
    <property name="sun.arch.data.model" value="64"/>
    <property name="java.home" value="C:\Program Files\Java\jre1.8.0_241"/>
    <property name="sun.java.command" value="org.codehaus.plexus.classworlds.launcher.Launcher -B test"/>
    <property name="java.specification.vendor" value="Oracle Corporation"/>
    <property name="user.language" value="en"/>
    <property name="awt.toolkit" value="sun.awt.windows.WToolkit"/>
    <property name="java.vm.info" value="mixed mode"/>
    <property name="java.version" value="1.8.0_241"/>
    <property name="java.ext.dirs" value="C:\Program Files\Java\jre1.8.0_241\lib\ext;C:\WINDOWS\Sun\Java\lib\ext"/>
    <property name="sun.boot.class.path" value="C:\Program Files\Java\jre1.8.0_241\lib\resources.jar;C:\Program Files\Java\jre1.8.0_241\lib\rt.jar;C:\Program Files\Java\jre1.8.0_241\lib\sunrsasign.jar;C:\Program Files\Java\jre1.8.0_241\lib\jsse.jar;C:\Program Files\Java\jre1.8.0_241\lib\jce.jar;C:\Program Files\Java\jre1.8.0_241\lib\charsets.jar;C:\Program Files\Java\jre1.8.0_241\lib\jfr.jar;C:\Program Files\Java\jre1.8.0_241\classes"/>
    <property name="java.vendor" value="Oracle Corporation"/>
    <property name="maven.home" value="C:\Users\DELL\workspace\B22FinalRestAssuredCucumberProject\EMBEDDED"/>
    <property name="file.separator" value="\"/>
    <property name="java.vendor.url.bug" value="http://bugreport.sun.com/bugreport/"/>
    <property name="sun.cpu.endian" value="little"/>
    <property name="sun.io.unicode.encoding" value="UnicodeLittle"/>
    <property name="sun.desktop" value="windows"/>
    <property name="sun.cpu.isalist" value="amd64"/>
  </properties>
  <testcase classname="Scenario: Test my POST request test" name="Given user hit the post request with &quot;Tom&quot; name" time="0">
    <error message="D:\IBM\workspace\CucuRestAssured\src\test\java\com\basic\postFromTextFileSD\user.json: The device is not ready.
" type="java.nio.file.FileSystemException">java.nio.file.FileSystemException: D:\IBM\workspace\CucuRestAssured\src\test\java\com\basic\postFromTextFileSD\user.json: The device is not ready.

	at sun.nio.fs.WindowsException.translateToIOException(Unknown Source)
	at sun.nio.fs.WindowsException.rethrowAsIOException(Unknown Source)
	at sun.nio.fs.WindowsException.rethrowAsIOException(Unknown Source)
	at sun.nio.fs.WindowsFileSystemProvider.newByteChannel(Unknown Source)
	at java.nio.file.Files.newByteChannel(Unknown Source)
	at java.nio.file.Files.newByteChannel(Unknown Source)
	at java.nio.file.Files.readAllBytes(Unknown Source)
	at com.basic.postWithDataTableSD.MyPostWithDataTable.user_hit_the_post_request_with_json_data(MyPostWithDataTable.java:35)
	at ✽.Given user hit the post request with &quot;Tom&quot; name(PostWithDataTable.feature:5)
</error>
    <system-out>
  Scenario: Test my POST request test                                      # PostUpdatedJson.feature:14
    Given user hit the post request with &quot;Pragya&quot; name  and &quot;engineer&quot; job
    #And  user hit the post request with &quot;engineer&quot; job
    Then user validate the id is not null                                  # MyPostFromTextFile.user_validate_the_id_is_not_null()

3 Scenarios (1 undefined, 2 passed)
6 Steps (1 skipped, 1 undefined, 4 passed)
0m0.903s


You can implement missing steps with the snippets below:

@Given(&quot;^user hit the post request with \&quot;([^\&quot;]*)\&quot; name  and \&quot;([^\&quot;]*)\&quot; job$&quot;)
public void user_hit_the_post_request_with_name_and_job(String arg1, String arg2) throws Throwable {
    // Write code here that turns the phrase above into concrete actions
    throw new PendingException();
}

Feature: First Rest Assured test POST
</system-out>
  </testcase>
  <testcase classname="Scenario: Test my POST request test" name="Scenario: Test my POST request test" time="0">
    <error message="D:\IBM\workspace\CucuRestAssured\src\test\java\com\basic\postFromTextFileSD\user.json: The device is not ready.
" type="java.nio.file.FileSystemException">java.nio.file.FileSystemException: D:\IBM\workspace\CucuRestAssured\src\test\java\com\basic\postFromTextFileSD\user.json: The device is not ready.

	at sun.nio.fs.WindowsException.translateToIOException(Unknown Source)
	at sun.nio.fs.WindowsException.rethrowAsIOException(Unknown Source)
	at sun.nio.fs.WindowsException.rethrowAsIOException(Unknown Source)
	at sun.nio.fs.WindowsFileSystemProvider.newByteChannel(Unknown Source)
	at java.nio.file.Files.newByteChannel(Unknown Source)
	at java.nio.file.Files.newByteChannel(Unknown Source)
	at java.nio.file.Files.readAllBytes(Unknown Source)
	at com.basic.postWithDataTableSD.MyPostWithDataTable.user_hit_the_post_request_with_json_data(MyPostWithDataTable.java:35)
	at ✽.Given user hit the post request with &quot;Tom&quot; name(PostWithDataTable.feature:5)
</error>
  </testcase>
  <testcase classname="Scenario: Test my POST request test" name="Then user validate followind data" time="0.008">
    <skipped/>
  </testcase>
  <testcase classname="Scenario: Test my POST request test" name="Then I will validate other parameter" time="0.008">
    <skipped/>
  </testcase>
</testsuite>